<?xml version="1.0" encoding="UTF-8"?>
<testng-results skipped="0" failed="0" total="1" passed="1">
  <reporter-output>
  </reporter-output>
  <suite name="Default suite" duration-ms="11810" started-at="2019-06-19T05:48:55Z" finished-at="2019-06-19T05:49:07Z">
    <groups>
    </groups>
    <test name="Default test" duration-ms="11810" started-at="2019-06-19T05:48:55Z" finished-at="2019-06-19T05:49:07Z">
      <class name="demoWebdriver.casestudy3">
        <test-method status="PASS" signature="beforeTest()[pri:0, instance:demoWebdriver.casestudy3@604ed9f0]" name="beforeTest" is-config="true" duration-ms="6263" started-at="2019-06-19T11:18:55Z" finished-at="2019-06-19T11:19:02Z">
          <reporter-output>
          </reporter-output>
        </test-method> <!-- beforeTest -->
        <test-method status="PASS" signature="f()[pri:0, instance:demoWebdriver.casestudy3@604ed9f0]" name="f" duration-ms="5511" started-at="2019-06-19T11:19:02Z" finished-at="2019-06-19T11:19:07Z">
          <reporter-output>
          </reporter-output>
        </test-method> <!-- f -->
        <test-method status="PASS" signature="afterTest()[pri:0, instance:demoWebdriver.casestudy3@604ed9f0]" name="afterTest" is-config="true" duration-ms="0" started-at="2019-06-19T11:19:07Z" finished-at="2019-06-19T11:19:07Z">
          <reporter-output>
          </reporter-output>
        </test-method> <!-- afterTest -->
      </class> <!-- demoWebdriver.casestudy3 -->
    </test> <!-- Default test -->
  </suite> <!-- Default suite -->
</testng-results>
